2024-02-22T23:16:44.983Z [error]: username does not meet minimum length of 5
2024-02-22T23:16:44.985Z [error]: password does not meet minimum length of 5
2024-02-22T23:16:44.986Z [error]: email does not conform to the "email" format
2024-02-22T23:16:44.987Z [error]: requires property "username"
2024-02-22T23:16:45.032Z [error]: username does not meet minimum length of 5
2024-02-22T23:16:45.033Z [error]: password does not meet minimum length of 5
2024-02-22T23:19:44.601Z [info]: Incoming DELETE: /auth/delete/test2
2024-02-22T23:21:17.285Z [info]: Incoming DELETE: /auth/delete/test2
2024-02-22T23:21:33.251Z [info]: Incoming POST: /auth/login
2024-02-22T23:21:42.125Z [info]: Incoming DELETE: /auth/delete/test2
2024-02-22T23:22:45.104Z [info]: Incoming DELETE: /auth/delete/test2
2024-02-22T23:24:35.693Z [info]: Incoming POST: /auth/register
2024-02-22T23:24:49.291Z [info]: Incoming POST: /auth/register
2024-02-22T23:25:01.943Z [info]: Incoming POST: /auth/register
2024-02-22T23:25:32.050Z [info]: Incoming POST: /auth/login
2024-02-22T23:28:32.947Z [info]: Incoming DELETE: /auth/delete/test2
2024-02-22T23:32:56.961Z [info]: Incoming DELETE: /auth/delete/test2
2024-02-22T23:33:07.873Z [info]: Incoming DELETE: /auth/delete/test3
2024-02-22T23:34:03.533Z [info]: Incoming DELETE: /auth/delete/test4
2024-02-22T23:34:28.621Z [info]: Incoming POST: /auth/login
2024-02-22T23:34:28.623Z [error]: username does not meet minimum length of 5
2024-02-22T23:34:35.613Z [info]: Incoming POST: /auth/login
2024-02-22T23:35:08.608Z [info]: Incoming POST: /auth/register
2024-02-22T23:35:17.268Z [info]: Incoming POST: /auth/login
2024-02-22T23:35:40.509Z [info]: Incoming DELETE: /auth/delete/test4
2024-02-22T23:36:02.540Z [info]: Incoming DELETE: /auth/delete/test4
2024-02-22T23:36:16.295Z [info]: Incoming DELETE: /auth/delete/test4
2024-02-22T23:36:42.941Z [info]: Incoming POST: /auth/login
2024-02-22T23:37:00.161Z [info]: Incoming DELETE: /auth/delete/test4
2024-02-23T00:36:52.015Z [info]: Incoming POST: /auth/login
2024-02-23T00:37:11.435Z [error]: username does not meet minimum length of 5
2024-02-23T00:37:11.437Z [error]: password does not meet minimum length of 5
2024-02-23T00:37:11.438Z [error]: email does not conform to the "email" format
2024-02-23T00:37:11.439Z [error]: requires property "username"
2024-02-23T00:37:11.485Z [error]: username does not meet minimum length of 5
2024-02-23T00:37:11.485Z [error]: password does not meet minimum length of 5
2024-02-23T00:39:07.553Z [error]: is not allowed to have the additional property "employee_id"
2024-02-23T00:39:07.564Z [error]: username does not meet minimum length of 5
2024-02-23T00:39:07.565Z [error]: password does not meet minimum length of 5
2024-02-23T00:39:07.565Z [error]: email does not conform to the "email" format
2024-02-23T00:39:07.566Z [error]: requires property "username"
2024-02-23T00:39:07.631Z [error]: username does not meet minimum length of 5
2024-02-23T00:39:07.631Z [error]: password does not meet minimum length of 5
2024-02-23T00:40:17.010Z [error]: username does not meet minimum length of 5
2024-02-23T00:40:17.012Z [error]: password does not meet minimum length of 5
2024-02-23T00:40:17.013Z [error]: email does not conform to the "email" format
2024-02-23T00:40:17.013Z [error]: requires property "username"
2024-02-23T00:40:17.056Z [error]: username does not meet minimum length of 5
2024-02-23T00:40:17.057Z [error]: password does not meet minimum length of 5
2024-02-23T00:40:46.701Z [error]: username does not meet minimum length of 5
2024-02-23T00:40:46.703Z [error]: password does not meet minimum length of 5
2024-02-23T00:40:46.705Z [error]: email does not conform to the "email" format
2024-02-23T00:40:46.705Z [error]: requires property "username"
2024-02-23T00:40:46.758Z [error]: username does not meet minimum length of 5
2024-02-23T00:40:46.759Z [error]: password does not meet minimum length of 5
2024-02-23T00:41:45.137Z [error]: username does not meet minimum length of 5
2024-02-23T00:41:45.139Z [error]: password does not meet minimum length of 5
2024-02-23T00:41:45.140Z [error]: email does not conform to the "email" format
2024-02-23T00:41:45.141Z [error]: requires property "username"
2024-02-23T00:41:45.192Z [error]: username does not meet minimum length of 5
2024-02-23T00:41:45.192Z [error]: password does not meet minimum length of 5
2024-02-23T00:42:28.332Z [error]: username does not meet minimum length of 5
2024-02-23T00:42:28.334Z [error]: password does not meet minimum length of 5
2024-02-23T00:42:28.335Z [error]: email does not conform to the "email" format
2024-02-23T00:42:28.335Z [error]: requires property "username"
2024-02-23T00:42:28.386Z [error]: username does not meet minimum length of 5
2024-02-23T00:42:28.386Z [error]: password does not meet minimum length of 5
2024-02-23T00:43:05.823Z [error]: username does not meet minimum length of 5
2024-02-23T00:43:05.825Z [error]: password does not meet minimum length of 5
2024-02-23T00:43:05.826Z [error]: email does not conform to the "email" format
2024-02-23T00:43:05.827Z [error]: requires property "username"
2024-02-23T00:43:05.868Z [error]: username does not meet minimum length of 5
2024-02-23T00:43:05.868Z [error]: password does not meet minimum length of 5
2024-02-23T00:43:23.333Z [info]: Incoming POST: /auth/login
2024-02-23T01:02:11.864Z [info]: Incoming POST: /auth/login
2024-02-23T01:02:17.497Z [info]: Incoming GET: /tickets
2024-02-23T01:02:52.300Z [info]: Incoming GET: /tickets
2024-02-23T01:14:23.782Z [info]: Incoming POST: /auth/login
2024-02-23T01:14:30.895Z [info]: Incoming GET: /tickets
2024-02-23T01:14:31.002Z [error]: ExpressionAttributeValues must not be empty
2024-02-23T01:15:24.381Z [info]: Incoming POST: /auth/login
2024-02-23T01:15:28.633Z [info]: Incoming GET: /tickets
2024-02-23T01:15:28.707Z [error]: One or more parameter values were invalid: Condition parameter type does not match schema type
2024-02-23T01:16:21.454Z [info]: Incoming GET: /tickets
2024-02-23T01:19:12.567Z [info]: Incoming GET: /tickets
2024-02-23T01:20:29.759Z [info]: Incoming GET: /tickets
2024-02-23T01:38:35.877Z [info]: Incoming POST: /auth/login
2024-02-23T01:38:39.938Z [info]: Incoming GET: /tickets
2024-02-23T01:38:44.562Z [info]: Incoming POST: /tickets
2024-02-23T01:39:46.850Z [info]: Incoming POST: /tickets
2024-02-23T01:41:04.010Z [info]: Incoming GET: /tickets
2024-02-23T01:41:24.382Z [info]: Incoming POST: /tickets
2024-02-23T01:45:55.563Z [info]: Incoming POST: /tickets
2024-02-23T01:53:41.382Z [info]: Incoming POST: /tickets
2024-02-23T01:55:21.869Z [info]: Incoming POST: /tickets
2024-02-23T01:55:56.803Z [info]: Incoming POST: /tickets
2024-02-23T01:59:37.578Z [info]: Incoming POST: /tickets
2024-02-23T02:00:43.060Z [info]: Incoming POST: /tickets
2024-02-23T02:00:43.063Z [error]: amount must be strictly greater than 0
2024-02-23T02:01:46.085Z [info]: Incoming POST: /tickets
2024-02-23T02:01:46.087Z [error]: amount must be strictly greater than 0
2024-02-23T02:02:02.162Z [info]: Incoming POST: /tickets
2024-02-23T02:02:02.163Z [error]: description does not meet minimum length of 1
2024-02-23T02:02:22.090Z [info]: Incoming POST: /auth/login
2024-02-23T02:02:37.263Z [info]: Incoming POST: /tickets
2024-02-23T02:02:37.264Z [error]: requires property "description"
2024-02-23T02:02:50.285Z [info]: Incoming POST: /tickets
2024-02-23T02:02:50.285Z [error]: description does not meet minimum length of 1
2024-02-23T02:02:55.721Z [info]: Incoming POST: /tickets
2024-02-23T02:02:55.721Z [error]: requires property "amount"
2024-02-23T02:03:05.233Z [info]: Incoming POST: /tickets
2024-02-23T02:04:55.624Z [info]: Incoming GET: /tickets
2024-02-23T02:05:44.857Z [info]: Incoming GET: /tickets
2024-02-23T02:08:20.802Z [error]: username does not meet minimum length of 5
2024-02-23T02:08:20.803Z [error]: password does not meet minimum length of 5
2024-02-23T02:08:20.804Z [error]: email does not conform to the "email" format
2024-02-23T02:08:20.805Z [error]: requires property "username"
2024-02-23T02:08:20.845Z [error]: username does not meet minimum length of 5
2024-02-23T02:08:20.845Z [error]: password does not meet minimum length of 5
2024-02-23T02:18:48.469Z [error]: username does not meet minimum length of 5
2024-02-23T02:18:48.475Z [error]: password does not meet minimum length of 5
2024-02-23T02:18:48.476Z [error]: email does not conform to the "email" format
2024-02-23T02:18:48.477Z [error]: requires property "username"
2024-02-23T02:18:48.524Z [error]: username does not meet minimum length of 5
2024-02-23T02:18:48.524Z [error]: password does not meet minimum length of 5
2024-02-23T02:19:45.543Z [error]: username does not meet minimum length of 5
2024-02-23T02:19:45.553Z [error]: password does not meet minimum length of 5
2024-02-23T02:19:45.554Z [error]: email does not conform to the "email" format
2024-02-23T02:19:45.555Z [error]: requires property "username"
2024-02-23T02:19:45.600Z [error]: username does not meet minimum length of 5
2024-02-23T02:19:45.601Z [error]: password does not meet minimum length of 5
2024-02-23T02:23:24.993Z [error]: username does not meet minimum length of 5
2024-02-23T02:23:25.004Z [error]: password does not meet minimum length of 5
2024-02-23T02:23:25.005Z [error]: email does not conform to the "email" format
2024-02-23T02:23:25.006Z [error]: requires property "username"
2024-02-23T02:23:25.053Z [error]: username does not meet minimum length of 5
2024-02-23T02:23:25.054Z [error]: password does not meet minimum length of 5
2024-02-23T02:24:39.688Z [error]: username does not meet minimum length of 5
2024-02-23T02:24:39.698Z [error]: password does not meet minimum length of 5
2024-02-23T02:24:39.699Z [error]: email does not conform to the "email" format
2024-02-23T02:24:39.700Z [error]: requires property "username"
2024-02-23T02:24:39.743Z [error]: username does not meet minimum length of 5
2024-02-23T02:24:39.744Z [error]: password does not meet minimum length of 5
2024-02-23T02:25:34.563Z [error]: username does not meet minimum length of 5
2024-02-23T02:25:34.573Z [error]: password does not meet minimum length of 5
2024-02-23T02:25:34.575Z [error]: email does not conform to the "email" format
2024-02-23T02:25:34.576Z [error]: requires property "username"
2024-02-23T02:25:34.616Z [error]: username does not meet minimum length of 5
2024-02-23T02:25:34.617Z [error]: password does not meet minimum length of 5
2024-02-23T02:28:41.809Z [error]: username does not meet minimum length of 5
2024-02-23T02:28:41.821Z [error]: password does not meet minimum length of 5
2024-02-23T02:28:41.823Z [error]: email does not conform to the "email" format
2024-02-23T02:28:41.824Z [error]: requires property "username"
2024-02-23T02:28:41.867Z [error]: username does not meet minimum length of 5
2024-02-23T02:28:41.868Z [error]: password does not meet minimum length of 5
2024-02-23T02:30:01.184Z [error]: username does not meet minimum length of 5
2024-02-23T02:30:01.194Z [error]: password does not meet minimum length of 5
2024-02-23T02:30:01.195Z [error]: email does not conform to the "email" format
2024-02-23T02:30:01.196Z [error]: requires property "username"
2024-02-23T02:30:01.244Z [error]: username does not meet minimum length of 5
2024-02-23T02:30:01.245Z [error]: password does not meet minimum length of 5
2024-02-23T02:33:16.401Z [error]: username does not meet minimum length of 5
2024-02-23T02:33:16.412Z [error]: password does not meet minimum length of 5
2024-02-23T02:33:16.413Z [error]: email does not conform to the "email" format
2024-02-23T02:33:16.414Z [error]: requires property "username"
2024-02-23T02:33:16.463Z [error]: username does not meet minimum length of 5
2024-02-23T02:33:16.464Z [error]: password does not meet minimum length of 5
2024-02-23T02:33:22.672Z [error]: username does not meet minimum length of 5
2024-02-23T02:33:22.682Z [error]: password does not meet minimum length of 5
2024-02-23T02:33:22.683Z [error]: email does not conform to the "email" format
2024-02-23T02:33:22.684Z [error]: requires property "username"
2024-02-23T02:33:22.731Z [error]: username does not meet minimum length of 5
2024-02-23T02:33:22.732Z [error]: password does not meet minimum length of 5
2024-02-23T02:34:48.702Z [error]: username does not meet minimum length of 5
2024-02-23T02:34:48.715Z [error]: password does not meet minimum length of 5
2024-02-23T02:34:48.717Z [error]: email does not conform to the "email" format
2024-02-23T02:34:48.718Z [error]: requires property "username"
2024-02-23T02:34:48.764Z [error]: username does not meet minimum length of 5
2024-02-23T02:34:48.765Z [error]: password does not meet minimum length of 5
2024-02-23T02:34:58.718Z [error]: username does not meet minimum length of 5
2024-02-23T02:34:58.728Z [error]: password does not meet minimum length of 5
2024-02-23T02:34:58.730Z [error]: email does not conform to the "email" format
2024-02-23T02:34:58.731Z [error]: requires property "username"
2024-02-23T02:34:58.778Z [error]: username does not meet minimum length of 5
2024-02-23T02:34:58.779Z [error]: password does not meet minimum length of 5
2024-02-23T02:35:08.910Z [error]: username does not meet minimum length of 5
2024-02-23T02:35:08.921Z [error]: password does not meet minimum length of 5
2024-02-23T02:35:08.922Z [error]: email does not conform to the "email" format
2024-02-23T02:35:08.923Z [error]: requires property "username"
2024-02-23T02:35:08.965Z [error]: username does not meet minimum length of 5
2024-02-23T02:35:08.966Z [error]: password does not meet minimum length of 5
2024-02-23T02:37:47.832Z [error]: username does not meet minimum length of 5
2024-02-23T02:37:47.842Z [error]: password does not meet minimum length of 5
2024-02-23T02:37:47.844Z [error]: email does not conform to the "email" format
2024-02-23T02:37:47.845Z [error]: requires property "username"
2024-02-23T02:37:47.886Z [error]: username does not meet minimum length of 5
2024-02-23T02:37:47.887Z [error]: password does not meet minimum length of 5
2024-02-23T02:38:05.674Z [error]: username does not meet minimum length of 5
2024-02-23T02:38:05.685Z [error]: password does not meet minimum length of 5
2024-02-23T02:38:05.686Z [error]: email does not conform to the "email" format
2024-02-23T02:38:05.687Z [error]: requires property "username"
2024-02-23T02:38:05.734Z [error]: username does not meet minimum length of 5
2024-02-23T02:38:05.735Z [error]: password does not meet minimum length of 5
2024-02-23T02:41:32.662Z [error]: username does not meet minimum length of 5
2024-02-23T02:41:32.672Z [error]: password does not meet minimum length of 5
2024-02-23T02:41:32.673Z [error]: email does not conform to the "email" format
2024-02-23T02:41:32.674Z [error]: requires property "username"
2024-02-23T02:41:32.721Z [error]: username does not meet minimum length of 5
2024-02-23T02:41:32.722Z [error]: password does not meet minimum length of 5
2024-02-23T02:42:19.279Z [error]: username does not meet minimum length of 5
2024-02-23T02:42:19.289Z [error]: password does not meet minimum length of 5
2024-02-23T02:42:19.291Z [error]: email does not conform to the "email" format
2024-02-23T02:42:19.292Z [error]: requires property "username"
2024-02-23T02:42:19.336Z [error]: username does not meet minimum length of 5
2024-02-23T02:42:19.337Z [error]: password does not meet minimum length of 5
2024-02-23T02:43:19.389Z [error]: username does not meet minimum length of 5
2024-02-23T02:43:19.399Z [error]: password does not meet minimum length of 5
2024-02-23T02:43:19.400Z [error]: email does not conform to the "email" format
2024-02-23T02:43:19.401Z [error]: requires property "username"
2024-02-23T02:43:19.443Z [error]: username does not meet minimum length of 5
2024-02-23T02:43:19.444Z [error]: password does not meet minimum length of 5
2024-02-23T02:44:50.909Z [error]: Cannot read properties of undefined (reading 'tickets')
2024-02-23T02:44:50.932Z [error]: username does not meet minimum length of 5
2024-02-23T02:44:50.938Z [error]: password does not meet minimum length of 5
2024-02-23T02:44:50.939Z [error]: email does not conform to the "email" format
2024-02-23T02:44:50.940Z [error]: requires property "username"
2024-02-23T02:44:51.036Z [error]: username does not meet minimum length of 5
2024-02-23T02:44:51.037Z [error]: password does not meet minimum length of 5
2024-02-23T02:46:53.398Z [error]: Cannot read properties of undefined (reading 'tickets')
2024-02-23T02:46:53.404Z [error]: username does not meet minimum length of 5
2024-02-23T02:46:53.410Z [error]: password does not meet minimum length of 5
2024-02-23T02:46:53.411Z [error]: email does not conform to the "email" format
2024-02-23T02:46:53.412Z [error]: requires property "username"
2024-02-23T02:46:53.456Z [error]: username does not meet minimum length of 5
2024-02-23T02:46:53.457Z [error]: password does not meet minimum length of 5
2024-02-23T02:48:32.672Z [error]: username does not meet minimum length of 5
2024-02-23T02:48:32.682Z [error]: password does not meet minimum length of 5
2024-02-23T02:48:32.683Z [error]: email does not conform to the "email" format
2024-02-23T02:48:32.684Z [error]: requires property "username"
2024-02-23T02:48:32.725Z [error]: username does not meet minimum length of 5
2024-02-23T02:48:32.726Z [error]: password does not meet minimum length of 5
2024-02-23T02:50:04.156Z [error]: username does not meet minimum length of 5
2024-02-23T02:50:04.166Z [error]: password does not meet minimum length of 5
2024-02-23T02:50:04.167Z [error]: email does not conform to the "email" format
2024-02-23T02:50:04.168Z [error]: requires property "username"
2024-02-23T02:50:04.206Z [error]: username does not meet minimum length of 5
2024-02-23T02:50:04.207Z [error]: password does not meet minimum length of 5
2024-02-23T02:54:47.886Z [error]: username does not meet minimum length of 5
2024-02-23T02:54:47.896Z [error]: password does not meet minimum length of 5
2024-02-23T02:54:47.897Z [error]: email does not conform to the "email" format
2024-02-23T02:54:47.899Z [error]: requires property "username"
2024-02-23T02:54:47.941Z [error]: username does not meet minimum length of 5
2024-02-23T02:54:47.942Z [error]: password does not meet minimum length of 5
2024-02-23T02:55:53.254Z [error]: Cannot read properties of undefined (reading 'tickets')
2024-02-23T02:55:53.273Z [error]: username does not meet minimum length of 5
2024-02-23T02:55:53.278Z [error]: password does not meet minimum length of 5
2024-02-23T02:55:53.279Z [error]: email does not conform to the "email" format
2024-02-23T02:55:53.280Z [error]: requires property "username"
2024-02-23T02:55:53.321Z [error]: username does not meet minimum length of 5
2024-02-23T02:55:53.322Z [error]: password does not meet minimum length of 5
2024-02-23T02:56:54.085Z [error]: username does not meet minimum length of 5
2024-02-23T02:56:54.091Z [error]: password does not meet minimum length of 5
2024-02-23T02:56:54.093Z [error]: email does not conform to the "email" format
2024-02-23T02:56:54.094Z [error]: requires property "username"
2024-02-23T02:56:54.141Z [error]: username does not meet minimum length of 5
2024-02-23T02:56:54.141Z [error]: password does not meet minimum length of 5
2024-02-23T02:56:58.743Z [error]: username does not meet minimum length of 5
2024-02-23T02:56:58.749Z [error]: password does not meet minimum length of 5
2024-02-23T02:56:58.751Z [error]: email does not conform to the "email" format
2024-02-23T02:56:58.752Z [error]: requires property "username"
2024-02-23T02:56:58.798Z [error]: username does not meet minimum length of 5
2024-02-23T02:56:58.800Z [error]: password does not meet minimum length of 5
2024-02-23T02:58:57.817Z [error]: username does not meet minimum length of 5
2024-02-23T02:58:57.822Z [error]: password does not meet minimum length of 5
2024-02-23T02:58:57.823Z [error]: email does not conform to the "email" format
2024-02-23T02:58:57.824Z [error]: requires property "username"
2024-02-23T02:58:57.820Z [error]: Cannot read properties of undefined (reading 'tickets')
2024-02-23T02:58:57.865Z [error]: username does not meet minimum length of 5
2024-02-23T02:58:57.866Z [error]: password does not meet minimum length of 5
2024-02-23T02:59:10.878Z [error]: username does not meet minimum length of 5
2024-02-23T02:59:10.889Z [error]: password does not meet minimum length of 5
2024-02-23T02:59:10.890Z [error]: email does not conform to the "email" format
2024-02-23T02:59:10.891Z [error]: requires property "username"
2024-02-23T02:59:10.943Z [error]: username does not meet minimum length of 5
2024-02-23T02:59:10.944Z [error]: password does not meet minimum length of 5
2024-02-23T02:59:17.866Z [error]: username does not meet minimum length of 5
2024-02-23T02:59:17.876Z [error]: password does not meet minimum length of 5
2024-02-23T02:59:17.878Z [error]: email does not conform to the "email" format
2024-02-23T02:59:17.879Z [error]: requires property "username"
2024-02-23T02:59:17.920Z [error]: username does not meet minimum length of 5
2024-02-23T02:59:17.921Z [error]: password does not meet minimum length of 5
2024-02-23T03:02:44.469Z [error]: username does not meet minimum length of 5
2024-02-23T03:02:44.480Z [error]: password does not meet minimum length of 5
2024-02-23T03:02:44.481Z [error]: email does not conform to the "email" format
2024-02-23T03:02:44.482Z [error]: requires property "username"
2024-02-23T03:02:44.521Z [error]: username does not meet minimum length of 5
2024-02-23T03:02:44.522Z [error]: password does not meet minimum length of 5
2024-02-23T03:06:00.228Z [error]: username does not meet minimum length of 5
2024-02-23T03:06:00.234Z [error]: password does not meet minimum length of 5
2024-02-23T03:06:00.235Z [error]: email does not conform to the "email" format
2024-02-23T03:06:00.236Z [error]: requires property "username"
2024-02-23T03:06:00.301Z [error]: username does not meet minimum length of 5
2024-02-23T03:06:00.302Z [error]: password does not meet minimum length of 5
2024-02-23T03:06:13.108Z [error]: username does not meet minimum length of 5
2024-02-23T03:06:13.118Z [error]: password does not meet minimum length of 5
2024-02-23T03:06:13.119Z [error]: email does not conform to the "email" format
2024-02-23T03:06:13.120Z [error]: requires property "username"
2024-02-23T03:06:13.180Z [error]: username does not meet minimum length of 5
2024-02-23T03:06:13.181Z [error]: password does not meet minimum length of 5
2024-02-23T03:06:17.366Z [error]: username does not meet minimum length of 5
2024-02-23T03:06:17.377Z [error]: password does not meet minimum length of 5
2024-02-23T03:06:17.378Z [error]: email does not conform to the "email" format
2024-02-23T03:06:17.379Z [error]: requires property "username"
2024-02-23T03:06:17.442Z [error]: username does not meet minimum length of 5
2024-02-23T03:06:17.443Z [error]: password does not meet minimum length of 5
2024-02-23T03:06:21.396Z [error]: username does not meet minimum length of 5
2024-02-23T03:06:21.406Z [error]: password does not meet minimum length of 5
2024-02-23T03:06:21.407Z [error]: email does not conform to the "email" format
2024-02-23T03:06:21.408Z [error]: requires property "username"
2024-02-23T03:06:21.466Z [error]: username does not meet minimum length of 5
2024-02-23T03:06:21.467Z [error]: password does not meet minimum length of 5
2024-02-23T03:07:16.513Z [error]: username does not meet minimum length of 5
2024-02-23T03:07:16.523Z [error]: password does not meet minimum length of 5
2024-02-23T03:07:16.524Z [error]: email does not conform to the "email" format
2024-02-23T03:07:16.525Z [error]: requires property "username"
2024-02-23T03:07:16.586Z [error]: username does not meet minimum length of 5
2024-02-23T03:07:16.587Z [error]: password does not meet minimum length of 5
2024-02-23T03:08:08.353Z [error]: username does not meet minimum length of 5
2024-02-23T03:08:08.363Z [error]: password does not meet minimum length of 5
2024-02-23T03:08:08.364Z [error]: email does not conform to the "email" format
2024-02-23T03:08:08.365Z [error]: requires property "username"
2024-02-23T03:08:08.433Z [error]: username does not meet minimum length of 5
2024-02-23T03:08:08.434Z [error]: password does not meet minimum length of 5
2024-02-23T03:08:13.178Z [error]: Cannot read properties of undefined (reading 'tickets')
2024-02-23T03:08:13.187Z [error]: username does not meet minimum length of 5
2024-02-23T03:08:13.197Z [error]: password does not meet minimum length of 5
2024-02-23T03:08:13.199Z [error]: email does not conform to the "email" format
2024-02-23T03:08:13.200Z [error]: requires property "username"
2024-02-23T03:08:13.261Z [error]: username does not meet minimum length of 5
2024-02-23T03:08:13.262Z [error]: password does not meet minimum length of 5
2024-02-23T03:09:03.463Z [error]: username does not meet minimum length of 5
2024-02-23T03:09:03.473Z [error]: password does not meet minimum length of 5
2024-02-23T03:09:03.475Z [error]: email does not conform to the "email" format
2024-02-23T03:09:03.476Z [error]: requires property "username"
2024-02-23T03:09:03.543Z [error]: username does not meet minimum length of 5
2024-02-23T03:09:03.544Z [error]: password does not meet minimum length of 5
2024-02-23T03:09:08.437Z [error]: Cannot read properties of undefined (reading 'tickets')
2024-02-23T03:09:08.436Z [error]: username does not meet minimum length of 5
2024-02-23T03:09:08.446Z [error]: password does not meet minimum length of 5
2024-02-23T03:09:08.447Z [error]: email does not conform to the "email" format
2024-02-23T03:09:08.448Z [error]: requires property "username"
2024-02-23T03:09:08.514Z [error]: username does not meet minimum length of 5
2024-02-23T03:09:08.515Z [error]: password does not meet minimum length of 5
2024-02-23T03:11:33.525Z [error]: username does not meet minimum length of 5
2024-02-23T03:11:33.536Z [error]: password does not meet minimum length of 5
2024-02-23T03:11:33.537Z [error]: email does not conform to the "email" format
2024-02-23T03:11:33.538Z [error]: requires property "username"
2024-02-23T03:11:33.602Z [error]: username does not meet minimum length of 5
2024-02-23T03:11:33.604Z [error]: password does not meet minimum length of 5
2024-02-23T03:12:26.968Z [error]: Cannot read properties of undefined (reading 'tickets')
2024-02-23T03:12:26.977Z [error]: username does not meet minimum length of 5
2024-02-23T03:12:26.987Z [error]: password does not meet minimum length of 5
2024-02-23T03:12:26.989Z [error]: email does not conform to the "email" format
2024-02-23T03:12:26.990Z [error]: requires property "username"
2024-02-23T03:12:27.050Z [error]: username does not meet minimum length of 5
2024-02-23T03:12:27.051Z [error]: password does not meet minimum length of 5
2024-02-23T03:13:53.410Z [error]: username does not meet minimum length of 5
2024-02-23T03:13:53.421Z [error]: password does not meet minimum length of 5
2024-02-23T03:13:53.422Z [error]: email does not conform to the "email" format
2024-02-23T03:13:53.423Z [error]: requires property "username"
2024-02-23T03:13:53.484Z [error]: username does not meet minimum length of 5
2024-02-23T03:13:53.485Z [error]: password does not meet minimum length of 5
2024-02-23T03:14:28.342Z [error]: Cannot read properties of undefined (reading 'tickets')
2024-02-23T03:14:28.349Z [error]: username does not meet minimum length of 5
2024-02-23T03:14:28.360Z [error]: password does not meet minimum length of 5
2024-02-23T03:14:28.361Z [error]: email does not conform to the "email" format
2024-02-23T03:14:28.362Z [error]: requires property "username"
2024-02-23T03:14:28.425Z [error]: username does not meet minimum length of 5
2024-02-23T03:14:28.426Z [error]: password does not meet minimum length of 5
2024-02-23T03:14:42.788Z [error]: Cannot read properties of undefined (reading 'tickets')
2024-02-23T03:14:42.813Z [error]: username does not meet minimum length of 5
2024-02-23T03:14:42.823Z [error]: password does not meet minimum length of 5
2024-02-23T03:14:42.824Z [error]: email does not conform to the "email" format
2024-02-23T03:14:42.825Z [error]: requires property "username"
2024-02-23T03:14:42.888Z [error]: username does not meet minimum length of 5
2024-02-23T03:14:42.889Z [error]: password does not meet minimum length of 5
2024-02-23T03:15:03.791Z [error]: Cannot read properties of undefined (reading 'tickets')
2024-02-23T03:15:03.828Z [error]: username does not meet minimum length of 5
2024-02-23T03:15:03.838Z [error]: password does not meet minimum length of 5
2024-02-23T03:15:03.839Z [error]: email does not conform to the "email" format
2024-02-23T03:15:03.840Z [error]: requires property "username"
2024-02-23T03:15:03.905Z [error]: username does not meet minimum length of 5
2024-02-23T03:15:03.906Z [error]: password does not meet minimum length of 5
2024-02-23T03:15:41.295Z [info]: Incoming POST: /auth/login
2024-02-23T03:15:58.728Z [info]: Incoming POST: /auth/login
2024-02-23T03:16:14.286Z [info]: Incoming POST: /tickets
2024-02-23T03:16:51.855Z [info]: Incoming POST: /auth/login
2024-02-23T03:17:11.705Z [info]: Incoming GET: /tickets
2024-02-23T03:17:16.225Z [info]: Incoming GET: /tickets
2024-02-23T03:17:17.866Z [info]: Incoming GET: /tickets
2024-02-23T03:17:18.408Z [info]: Incoming GET: /tickets
2024-02-23T03:17:18.980Z [info]: Incoming GET: /tickets
2024-02-23T03:17:19.451Z [info]: Incoming GET: /tickets
2024-02-23T03:17:20.018Z [info]: Incoming GET: /tickets
2024-02-23T03:17:20.379Z [info]: Incoming GET: /tickets
2024-02-23T03:17:20.677Z [info]: Incoming GET: /tickets
2024-02-23T03:17:21.048Z [info]: Incoming GET: /tickets
2024-02-23T03:17:21.348Z [info]: Incoming GET: /tickets
2024-02-23T03:17:21.695Z [info]: Incoming GET: /tickets
2024-02-23T03:17:21.982Z [info]: Incoming GET: /tickets
2024-02-23T03:17:22.298Z [info]: Incoming GET: /tickets
2024-02-23T03:17:22.646Z [info]: Incoming GET: /tickets
2024-02-23T03:17:23.297Z [info]: Incoming GET: /tickets
2024-02-23T03:17:23.761Z [info]: Incoming GET: /tickets
2024-02-23T03:17:24.395Z [info]: Incoming GET: /tickets
2024-02-23T03:17:24.725Z [info]: Incoming GET: /tickets
2024-02-23T03:20:24.042Z [error]: Cannot read properties of undefined (reading 'tickets')
2024-02-23T03:20:24.047Z [error]: username does not meet minimum length of 5
2024-02-23T03:20:24.058Z [error]: password does not meet minimum length of 5
2024-02-23T03:20:24.059Z [error]: email does not conform to the "email" format
2024-02-23T03:20:24.060Z [error]: requires property "username"
2024-02-23T03:20:24.121Z [error]: username does not meet minimum length of 5
2024-02-23T03:20:24.122Z [error]: password does not meet minimum length of 5
2024-02-23T03:21:08.402Z [error]: username does not meet minimum length of 5
2024-02-23T03:21:08.413Z [error]: password does not meet minimum length of 5
2024-02-23T03:21:08.414Z [error]: email does not conform to the "email" format
2024-02-23T03:21:08.415Z [error]: requires property "username"
2024-02-23T03:21:08.478Z [error]: username does not meet minimum length of 5
2024-02-23T03:21:08.479Z [error]: password does not meet minimum length of 5
2024-02-23T03:24:58.875Z [error]: username does not meet minimum length of 5
2024-02-23T03:24:58.886Z [error]: password does not meet minimum length of 5
2024-02-23T03:24:58.887Z [error]: email does not conform to the "email" format
2024-02-23T03:24:58.888Z [error]: requires property "username"
2024-02-23T03:24:58.958Z [error]: username does not meet minimum length of 5
2024-02-23T03:24:58.959Z [error]: password does not meet minimum length of 5
2024-02-23T03:25:05.418Z [error]: username does not meet minimum length of 5
2024-02-23T03:25:05.429Z [error]: password does not meet minimum length of 5
2024-02-23T03:25:05.430Z [error]: email does not conform to the "email" format
2024-02-23T03:25:05.432Z [error]: requires property "username"
2024-02-23T03:25:05.493Z [error]: username does not meet minimum length of 5
2024-02-23T03:25:05.494Z [error]: password does not meet minimum length of 5
2024-02-23T03:29:39.285Z [error]: username does not meet minimum length of 5
2024-02-23T03:29:39.296Z [error]: password does not meet minimum length of 5
2024-02-23T03:29:39.297Z [error]: email does not conform to the "email" format
2024-02-23T03:29:39.298Z [error]: requires property "username"
2024-02-23T03:29:39.360Z [error]: username does not meet minimum length of 5
2024-02-23T03:29:39.361Z [error]: password does not meet minimum length of 5
2024-02-23T03:29:44.353Z [error]: username does not meet minimum length of 5
2024-02-23T03:29:44.363Z [error]: password does not meet minimum length of 5
2024-02-23T03:29:44.364Z [error]: email does not conform to the "email" format
2024-02-23T03:29:44.365Z [error]: requires property "username"
2024-02-23T03:29:44.434Z [error]: username does not meet minimum length of 5
2024-02-23T03:29:44.435Z [error]: password does not meet minimum length of 5
2024-02-23T03:29:48.546Z [error]: username does not meet minimum length of 5
2024-02-23T03:29:48.557Z [error]: password does not meet minimum length of 5
2024-02-23T03:29:48.558Z [error]: email does not conform to the "email" format
2024-02-23T03:29:48.559Z [error]: requires property "username"
2024-02-23T03:29:48.626Z [error]: username does not meet minimum length of 5
2024-02-23T03:29:48.627Z [error]: password does not meet minimum length of 5
2024-02-23T03:29:52.572Z [error]: username does not meet minimum length of 5
2024-02-23T03:29:52.583Z [error]: password does not meet minimum length of 5
2024-02-23T03:29:52.584Z [error]: email does not conform to the "email" format
2024-02-23T03:29:52.585Z [error]: requires property "username"
2024-02-23T03:29:52.650Z [error]: username does not meet minimum length of 5
2024-02-23T03:29:52.651Z [error]: password does not meet minimum length of 5
2024-02-23T03:32:26.462Z [error]: username does not meet minimum length of 5
2024-02-23T03:32:26.473Z [error]: password does not meet minimum length of 5
2024-02-23T03:32:26.474Z [error]: email does not conform to the "email" format
2024-02-23T03:32:26.475Z [error]: requires property "username"
2024-02-23T03:32:26.547Z [error]: username does not meet minimum length of 5
2024-02-23T03:32:26.548Z [error]: password does not meet minimum length of 5
2024-02-23T03:34:59.187Z [error]: username does not meet minimum length of 5
2024-02-23T03:34:59.197Z [error]: password does not meet minimum length of 5
2024-02-23T03:34:59.199Z [error]: email does not conform to the "email" format
2024-02-23T03:34:59.200Z [error]: requires property "username"
2024-02-23T03:34:59.258Z [error]: username does not meet minimum length of 5
2024-02-23T03:34:59.259Z [error]: password does not meet minimum length of 5
2024-02-23T03:36:09.364Z [error]: username does not meet minimum length of 5
2024-02-23T03:36:09.375Z [error]: password does not meet minimum length of 5
2024-02-23T03:36:09.376Z [error]: email does not conform to the "email" format
2024-02-23T03:36:09.377Z [error]: requires property "username"
2024-02-23T03:36:09.500Z [error]: username does not meet minimum length of 5
2024-02-23T03:36:09.501Z [error]: password does not meet minimum length of 5
2024-02-23T03:36:14.488Z [error]: username does not meet minimum length of 5
2024-02-23T03:36:14.498Z [error]: password does not meet minimum length of 5
2024-02-23T03:36:14.499Z [error]: email does not conform to the "email" format
2024-02-23T03:36:14.500Z [error]: requires property "username"
2024-02-23T03:36:14.567Z [error]: username does not meet minimum length of 5
2024-02-23T03:36:14.568Z [error]: password does not meet minimum length of 5
2024-02-23T03:36:19.223Z [error]: username does not meet minimum length of 5
2024-02-23T03:36:19.234Z [error]: password does not meet minimum length of 5
2024-02-23T03:36:19.235Z [error]: email does not conform to the "email" format
2024-02-23T03:36:19.236Z [error]: requires property "username"
2024-02-23T03:36:19.298Z [error]: username does not meet minimum length of 5
2024-02-23T03:36:19.299Z [error]: password does not meet minimum length of 5
2024-02-23T03:37:19.649Z [error]: username does not meet minimum length of 5
2024-02-23T03:37:19.660Z [error]: password does not meet minimum length of 5
2024-02-23T03:37:19.662Z [error]: email does not conform to the "email" format
2024-02-23T03:37:19.663Z [error]: requires property "username"
2024-02-23T03:37:19.722Z [error]: username does not meet minimum length of 5
2024-02-23T03:37:19.723Z [error]: password does not meet minimum length of 5
2024-02-23T03:37:19.891Z [error]: amount must be strictly greater than 0
2024-02-23T03:38:08.724Z [error]: username does not meet minimum length of 5
2024-02-23T03:38:08.735Z [error]: password does not meet minimum length of 5
2024-02-23T03:38:08.736Z [error]: email does not conform to the "email" format
2024-02-23T03:38:08.737Z [error]: requires property "username"
2024-02-23T03:38:08.799Z [error]: username does not meet minimum length of 5
2024-02-23T03:38:08.800Z [error]: password does not meet minimum length of 5
2024-02-23T03:38:08.947Z [error]: amount must be strictly greater than 0
2024-02-23T03:38:39.866Z [error]: username does not meet minimum length of 5
2024-02-23T03:38:39.876Z [error]: password does not meet minimum length of 5
2024-02-23T03:38:39.878Z [error]: email does not conform to the "email" format
2024-02-23T03:38:39.879Z [error]: requires property "username"
2024-02-23T03:38:39.942Z [error]: username does not meet minimum length of 5
2024-02-23T03:38:39.943Z [error]: password does not meet minimum length of 5
2024-02-23T03:38:40.073Z [error]: amount must be strictly greater than 0
2024-02-23T03:38:44.668Z [error]: username does not meet minimum length of 5
2024-02-23T03:38:44.679Z [error]: password does not meet minimum length of 5
2024-02-23T03:38:44.680Z [error]: email does not conform to the "email" format
2024-02-23T03:38:44.681Z [error]: requires property "username"
2024-02-23T03:38:44.752Z [error]: username does not meet minimum length of 5
2024-02-23T03:38:44.753Z [error]: password does not meet minimum length of 5
2024-02-23T03:38:44.787Z [error]: amount must be strictly greater than 0
2024-02-23T03:39:46.075Z [error]: username does not meet minimum length of 5
2024-02-23T03:39:46.086Z [error]: password does not meet minimum length of 5
2024-02-23T03:39:46.087Z [error]: email does not conform to the "email" format
2024-02-23T03:39:46.088Z [error]: requires property "username"
2024-02-23T03:39:46.157Z [error]: username does not meet minimum length of 5
2024-02-23T03:39:46.158Z [error]: password does not meet minimum length of 5
2024-02-23T03:39:46.287Z [error]: amount must be strictly greater than 0
2024-02-23T03:39:46.313Z [error]: description does not meet minimum length of 1
2024-02-23T03:40:11.248Z [error]: username does not meet minimum length of 5
2024-02-23T03:40:11.259Z [error]: password does not meet minimum length of 5
2024-02-23T03:40:11.260Z [error]: email does not conform to the "email" format
2024-02-23T03:40:11.261Z [error]: requires property "username"
2024-02-23T03:40:11.326Z [error]: username does not meet minimum length of 5
2024-02-23T03:40:11.327Z [error]: password does not meet minimum length of 5
2024-02-23T03:40:11.475Z [error]: amount must be strictly greater than 0
2024-02-23T03:40:11.502Z [error]: description does not meet minimum length of 1
2024-02-23T03:41:05.671Z [error]: username does not meet minimum length of 5
2024-02-23T03:41:05.682Z [error]: password does not meet minimum length of 5
2024-02-23T03:41:05.683Z [error]: email does not conform to the "email" format
2024-02-23T03:41:05.684Z [error]: requires property "username"
2024-02-23T03:41:05.745Z [error]: username does not meet minimum length of 5
2024-02-23T03:41:05.746Z [error]: password does not meet minimum length of 5
2024-02-23T03:41:05.905Z [error]: amount must be strictly greater than 0
2024-02-23T03:41:05.932Z [error]: description does not meet minimum length of 1
2024-02-23T03:41:05.956Z [error]: amount is not of a type(s) number
2024-02-23T03:41:58.220Z [error]: username does not meet minimum length of 5
2024-02-23T03:41:58.232Z [error]: password does not meet minimum length of 5
2024-02-23T03:41:58.234Z [error]: email does not conform to the "email" format
2024-02-23T03:41:58.235Z [error]: requires property "username"
2024-02-23T03:41:58.302Z [error]: username does not meet minimum length of 5
2024-02-23T03:41:58.303Z [error]: password does not meet minimum length of 5
2024-02-23T03:41:58.445Z [error]: amount must be strictly greater than 0
2024-02-23T03:41:58.474Z [error]: description does not meet minimum length of 1
2024-02-23T03:41:58.504Z [error]: amount is not of a type(s) number
2024-02-23T03:41:58.526Z [error]: requires property "amount",requires property "description"
2024-02-23T03:42:46.948Z [error]: username does not meet minimum length of 5
2024-02-23T03:42:46.959Z [error]: password does not meet minimum length of 5
2024-02-23T03:42:46.960Z [error]: email does not conform to the "email" format
2024-02-23T03:42:46.961Z [error]: requires property "username"
2024-02-23T03:42:47.024Z [error]: username does not meet minimum length of 5
2024-02-23T03:42:47.025Z [error]: password does not meet minimum length of 5
2024-02-23T03:42:47.195Z [error]: amount must be strictly greater than 0
2024-02-23T03:42:47.224Z [error]: description does not meet minimum length of 1
2024-02-23T03:42:47.250Z [error]: amount is not of a type(s) number
2024-02-23T03:42:47.270Z [error]: requires property "amount",requires property "description"
2024-02-23T03:42:51.370Z [error]: username does not meet minimum length of 5
2024-02-23T03:42:51.380Z [error]: password does not meet minimum length of 5
2024-02-23T03:42:51.381Z [error]: email does not conform to the "email" format
2024-02-23T03:42:51.382Z [error]: requires property "username"
2024-02-23T03:42:51.455Z [error]: username does not meet minimum length of 5
2024-02-23T03:42:51.456Z [error]: password does not meet minimum length of 5
2024-02-23T03:42:51.522Z [error]: amount must be strictly greater than 0
2024-02-23T03:42:51.556Z [error]: description does not meet minimum length of 1
2024-02-23T03:42:51.577Z [error]: amount is not of a type(s) number
2024-02-23T03:42:51.600Z [error]: requires property "amount",requires property "description"
2024-02-23T04:13:15.095Z [error]: username does not meet minimum length of 5
2024-02-23T04:13:15.117Z [error]: password does not meet minimum length of 5
2024-02-23T04:13:15.118Z [error]: email does not conform to the "email" format
2024-02-23T04:13:15.120Z [error]: requires property "username"
2024-02-23T04:13:15.182Z [error]: username does not meet minimum length of 5
2024-02-23T04:13:15.183Z [error]: password does not meet minimum length of 5
2024-02-23T04:13:15.278Z [error]: amount must be strictly greater than 0
2024-02-23T04:13:15.309Z [error]: description does not meet minimum length of 1
2024-02-23T04:13:15.328Z [error]: amount is not of a type(s) number
2024-02-23T04:13:15.345Z [error]: requires property "amount",requires property "description"
2024-02-23T04:43:25.721Z [info]: Incoming PUT: /tickets/1
2024-02-23T04:43:55.466Z [info]: Incoming POST: /auth/login
2024-02-23T04:44:00.914Z [info]: Incoming POST: /auth/login
2024-02-23T04:44:35.310Z [info]: Incoming PUT: /tickets/1
2024-02-23T04:45:22.522Z [info]: Incoming PUT: /tickets/1
2024-02-23T04:46:07.504Z [info]: Incoming PUT: /tickets/1
2024-02-23T04:47:08.352Z [info]: Incoming PUT: /tickets/1
2024-02-23T04:47:08.355Z [error]: ticket_id is not of a type(s) number,requires property "amount",requires property "description"
2024-02-23T04:49:03.869Z [info]: Incoming PUT: /tickets/1
2024-02-23T04:49:03.873Z [error]: ticket_id is not of a type(s) number,requires property "amount",requires property "description"
2024-02-23T04:49:50.842Z [info]: Incoming PUT: /tickets/1
2024-02-23T04:49:50.846Z [error]: requires property "amount",requires property "description"
2024-02-23T04:50:28.671Z [info]: Incoming PUT: /tickets/1
2024-02-23T05:10:36.851Z [info]: Incoming PUT: /tickets/1
2024-02-23T05:10:36.853Z [error]: username does not meet minimum length of 5
2024-02-23T05:11:03.334Z [info]: Incoming PUT: /tickets/1
2024-02-23T05:12:06.850Z [info]: Incoming PUT: /tickets/1
2024-02-23T05:12:07.076Z [error]: ExpressionAttributeValues must not be empty
2024-02-23T05:13:12.343Z [info]: Incoming PUT: /tickets/1
2024-02-23T05:13:24.849Z [info]: Incoming PUT: /tickets/0
2024-02-23T05:13:24.850Z [error]: ticket_id must be strictly greater than 0
2024-02-23T05:14:11.944Z [info]: Incoming PUT: /tickets/0
2024-02-23T05:19:55.901Z [info]: Incoming PUT: /tickets/0
2024-02-23T05:20:32.577Z [info]: Incoming POST: /auth/login
2024-02-23T05:20:39.837Z [info]: Incoming POST: /auth/login
2024-02-23T05:20:49.430Z [info]: Incoming POST: /auth/login
2024-02-23T05:21:16.624Z [info]: Incoming POST: /auth/register
2024-02-23T05:21:36.306Z [info]: Incoming POST: /auth/login
2024-02-23T05:22:09.379Z [info]: Incoming POST: /tickets
2024-02-23T05:22:42.470Z [info]: Incoming PUT: /tickets/0
2024-02-23T05:23:18.632Z [info]: Incoming PUT: /tickets/1
2024-02-23T05:23:18.706Z [error]: The document path provided in the update expression is invalid for update
2024-02-23T05:27:45.075Z [info]: Incoming PUT: /tickets/1
2024-02-23T05:28:54.352Z [info]: Incoming PUT: /tickets/1
2024-02-23T05:28:54.581Z [error]: The document path provided in the update expression is invalid for update
2024-02-23T05:31:41.305Z [info]: Incoming PUT: /tickets/1
2024-02-23T05:31:41.536Z [error]: The document path provided in the update expression is invalid for update
2024-02-23T05:32:44.825Z [info]: Incoming PUT: /tickets/1
2024-02-23T05:32:45.042Z [error]: The document path provided in the update expression is invalid for update
2024-02-23T05:33:42.927Z [info]: Incoming PUT: /tickets/1
2024-02-23T05:33:43.157Z [error]: The document path provided in the update expression is invalid for update
2024-02-23T05:34:46.248Z [info]: Incoming PUT: /tickets/1
2024-02-23T05:34:46.474Z [error]: The document path provided in the update expression is invalid for update
2024-02-23T05:35:35.445Z [info]: Incoming PUT: /tickets/1
2024-02-23T05:35:35.670Z [error]: The document path provided in the update expression is invalid for update
2024-02-23T05:36:22.291Z [info]: Incoming PUT: /tickets/1
2024-02-23T05:36:50.569Z [info]: Incoming PUT: /tickets/1
2024-02-23T05:36:56.397Z [info]: Incoming PUT: /tickets/2
2024-02-23T05:37:01.341Z [info]: Incoming PUT: /tickets/0
2024-02-23T05:38:51.451Z [info]: Incoming PUT: /tickets/0
2024-02-23T05:40:04.736Z [info]: Incoming PUT: /tickets/0
2024-02-23T05:45:11.992Z [info]: Incoming POST: /auth/login
2024-02-23T05:45:31.471Z [info]: Incoming PUT: /tickets/0
2024-02-23T05:46:09.861Z [info]: Incoming PUT: /tickets/0
2024-02-23T05:47:03.301Z [info]: Incoming PUT: /tickets/0
2024-02-23T05:47:39.660Z [info]: Incoming PUT: /tickets/0
2024-02-23T05:52:08.505Z [info]: Incoming PUT: /tickets/0
2024-02-23T05:52:08.508Z [error]: status does not exactly match expected constant: Approved
2024-02-23T05:52:20.946Z [info]: Incoming PUT: /tickets/0
2024-02-23T05:53:22.088Z [info]: Incoming PUT: /tickets/0
2024-02-23T05:53:22.090Z [error]: status does not exactly match expected constant: Approved,Denied
2024-02-23T05:53:32.493Z [info]: Incoming PUT: /tickets/0
2024-02-23T05:53:32.494Z [error]: status does not exactly match expected constant: Approved,Denied
2024-02-23T05:54:46.608Z [info]: Incoming PUT: /tickets/0
2024-02-23T05:54:46.611Z [error]: status is not one of enum values: Approved,Denied
2024-02-23T05:54:55.120Z [info]: Incoming PUT: /tickets/0
2024-02-23T05:55:03.144Z [info]: Incoming PUT: /tickets/0
2024-02-23T05:55:12.908Z [info]: Incoming PUT: /tickets/0
2024-02-23T05:55:12.908Z [error]: status is not one of enum values: Approved,Denied
2024-02-23T05:55:18.558Z [info]: Incoming PUT: /tickets/0
2024-02-23T06:09:02.563Z [info]: Incoming PUT: /tickets/0
2024-02-23T06:09:02.564Z [error]: status is not one of enum values: Approved,Denied
2024-02-23T06:10:27.813Z [info]: Incoming PUT: /tickets/0
2024-02-23T06:10:27.816Z [error]: status does not exactly match expected constant: Approved,Denied
2024-02-23T06:11:43.878Z [info]: Incoming PUT: /tickets/0
2024-02-23T06:11:43.881Z [error]: status does not exactly match expected constant: Approved,Denied
2024-02-23T06:13:36.596Z [info]: Incoming PUT: /tickets/0
2024-02-23T06:13:36.597Z [error]: status does not exactly match expected constant: Approved,Denied
2024-02-23T06:13:45.423Z [info]: Incoming PUT: /tickets/0
2024-02-23T06:13:45.424Z [error]: status does not exactly match expected constant: Approved,Denied
2024-02-23T06:14:10.897Z [info]: Incoming PUT: /tickets/0
2024-02-23T06:14:10.899Z [error]: status does not exactly match expected constant: Approved,Denied
2024-02-23T06:14:56.143Z [info]: Incoming PUT: /tickets/0
2024-02-23T06:14:59.397Z [info]: Incoming PUT: /tickets/0
2024-02-23T06:14:59.398Z [error]: status is not one of enum values: Approved,Denied
2024-02-23T06:15:10.217Z [info]: Incoming PUT: /tickets/0
2024-02-23T06:15:13.418Z [info]: Incoming PUT: /tickets/0
2024-02-23T06:15:13.419Z [error]: status is not one of enum values: Approved,Denied
2024-02-23T06:15:17.793Z [info]: Incoming PUT: /tickets/0
2024-02-23T06:15:30.472Z [info]: Incoming PUT: /tickets/0
2024-02-23T06:26:21.787Z [info]: Incoming PUT: /tickets/0
2024-02-23T06:26:39.738Z [info]: Incoming PUT: /tickets/0
2024-02-23T06:27:14.181Z [info]: Incoming PUT: /tickets/0
2024-02-23T06:27:18.845Z [info]: Incoming PUT: /tickets/0
